TN:
SF:src\router.ts
FN:22,(anonymous_0)
FN:34,(anonymous_1)
FNF:2
FNH:2
FNDA:3,(anonymous_0)
FNDA:5,(anonymous_1)
DA:1,2
DA:2,2
DA:3,2
DA:4,2
DA:6,2
DA:8,2
DA:10,2
DA:15,2
DA:22,3
DA:27,2
DA:34,5
DA:41,2
DA:47,2
DA:53,2
LF:14
LH:14
BRF:0
BRH:0
end_of_record
TN:
SF:src\server.ts
FN:7,connectDB
FN:28,(anonymous_2)
FNF:2
FNH:2
FNDA:3,connectDB
FNDA:1,(anonymous_2)
DA:1,2
DA:2,2
DA:3,2
DA:4,2
DA:7,2
DA:8,3
DA:9,3
DA:10,2
DA:14,1
DA:17,2
DA:20,2
DA:23,2
DA:26,2
DA:28,2
DA:29,1
DA:32,2
LF:16
LH:16
BRF:0
BRH:0
end_of_record
TN:
SF:src\config\db.ts
FNF:0
FNH:0
DA:1,2
DA:2,2
DA:3,2
DA:5,2
DA:10,2
LF:5
LH:5
BRF:0
BRH:0
end_of_record
TN:
SF:src\handlers\product.ts
FN:4,(anonymous_1)
FN:13,(anonymous_2)
FN:25,(anonymous_3)
FN:30,(anonymous_4)
FN:49,(anonymous_5)
FN:65,(anonymous_6)
FNF:6
FNH:6
FNDA:2,(anonymous_1)
FNDA:2,(anonymous_2)
FNDA:1,(anonymous_3)
FNDA:2,(anonymous_4)
FNDA:2,(anonymous_5)
FNDA:2,(anonymous_6)
DA:2,2
DA:4,2
DA:5,2
DA:10,2
DA:13,2
DA:14,2
DA:15,2
DA:16,2
DA:17,1
DA:20,1
DA:22,1
DA:25,2
DA:26,1
DA:27,1
DA:30,2
DA:32,2
DA:33,2
DA:35,2
DA:36,1
DA:39,1
DA:43,1
DA:44,1
DA:46,1
DA:49,2
DA:50,2
DA:51,2
DA:53,2
DA:54,1
DA:57,1
DA:60,1
DA:61,1
DA:62,1
DA:65,2
DA:66,2
DA:67,2
DA:69,2
DA:70,1
DA:73,1
DA:76,1
DA:77,1
LF:40
LH:40
BRDA:16,0,0,1
BRDA:35,1,0,1
BRDA:53,2,0,1
BRDA:69,3,0,1
BRF:4
BRH:4
end_of_record
TN:
SF:src\middleware\index.js
FN:5,(anonymous_0)
FNF:1
FNH:1
FNDA:16,(anonymous_0)
DA:2,2
DA:3,2
DA:4,2
DA:5,2
DA:6,16
DA:7,16
DA:8,7
DA:9,7
DA:11,9
DA:13,2
LF:10
LH:10
BRDA:7,0,0,7
BRDA:7,0,1,9
BRF:2
BRH:2
end_of_record
TN:
SF:src\models\Product.model.ts
FNF:0
FNH:0
DA:1,3
DA:7,3
DA:11,3
DA:16,3
DA:22,3
DA:25,3
LF:6
LH:6
BRF:0
BRH:0
end_of_record
